  gui.cpp
C:\Users\PC\Downloads\borderless-imgui-window-main\borderless-imgui-window-main\cheat\gui.h(12,14): error C7525: inline variables require at least '/std:c++17'
  (compiling source file 'cheat/gui.cpp')
  
C:\Users\PC\Downloads\borderless-imgui-window-main\borderless-imgui-window-main\cheat\gui.h(15,14): error C7525: inline variables require at least '/std:c++17'
  (compiling source file 'cheat/gui.cpp')
  
C:\Users\PC\Downloads\borderless-imgui-window-main\borderless-imgui-window-main\cheat\gui.h(16,20): error C7525: inline variables require at least '/std:c++17'
  (compiling source file 'cheat/gui.cpp')
  
C:\Users\PC\Downloads\borderless-imgui-window-main\borderless-imgui-window-main\cheat\gui.h(19,16): error C7525: inline variables require at least '/std:c++17'
  (compiling source file 'cheat/gui.cpp')
  
C:\Users\PC\Downloads\borderless-imgui-window-main\borderless-imgui-window-main\cheat\gui.h(22,20): error C7525: inline variables require at least '/std:c++17'
  (compiling source file 'cheat/gui.cpp')
  
C:\Users\PC\Downloads\borderless-imgui-window-main\borderless-imgui-window-main\cheat\gui.h(23,27): error C7525: inline variables require at least '/std:c++17'
  (compiling source file 'cheat/gui.cpp')
  
C:\Users\PC\Downloads\borderless-imgui-window-main\borderless-imgui-window-main\cheat\gui.h(24,31): error C7525: inline variables require at least '/std:c++17'
  (compiling source file 'cheat/gui.cpp')
  
C:\Users\PC\Downloads\borderless-imgui-window-main\borderless-imgui-window-main\cheat\gui.cpp(75,22): warning C4244: 'return': conversion from 'LRESULT' to 'long', possible loss of data
C:\Users\PC\Downloads\borderless-imgui-window-main\borderless-imgui-window-main\cheat\gui.cpp(82,28): error C2440: '=': cannot convert from 'long (__cdecl *)(HWND,UINT,WPARAM,LPARAM)' to 'WNDPROC'
  C:\Users\PC\Downloads\borderless-imgui-window-main\borderless-imgui-window-main\cheat\gui.cpp(82,28):
  This conversion requires a reinterpret_cast, a C-style cast or parenthesized function-style cast
  
C:\Users\PC\Downloads\borderless-imgui-window-main\borderless-imgui-window-main\cheat\gui.cpp(90,30): error C2440: '=': cannot convert from 'const char [9]' to 'LPCWSTR'
  C:\Users\PC\Downloads\borderless-imgui-window-main\borderless-imgui-window-main\cheat\gui.cpp(90,30):
  Types pointed to are unrelated; conversion requires reinterpret_cast, C-style cast or parenthesized function-style cast
  
C:\Users\PC\Downloads\borderless-imgui-window-main\borderless-imgui-window-main\cheat\gui.cpp(95,11): error C2664: 'HWND CreateWindowExW(DWORD,LPCWSTR,LPCWSTR,DWORD,int,int,int,int,HWND,HMENU,HINSTANCE,LPVOID)': cannot convert argument 2 from 'const char [9]' to 'LPCWSTR'
  C:\Users\PC\Downloads\borderless-imgui-window-main\borderless-imgui-window-main\cheat\gui.cpp(97,3):
  Types pointed to are unrelated; conversion requires reinterpret_cast, C-style cast or parenthesized function-style cast
  C:\Program Files (x86)\Windows Kits\10\Include\10.0.22621.0\um\winuser.h(4437,1):
  see declaration of 'CreateWindowExW'
  C:\Users\PC\Downloads\borderless-imgui-window-main\borderless-imgui-window-main\cheat\gui.cpp(95,11):
  while trying to match the argument list '(int, const char [9], const char *, unsigned long, int, int, const int, const int, int, int, HINSTANCE, int)'
  
  main.cpp
C:\Users\PC\Downloads\borderless-imgui-window-main\borderless-imgui-window-main\cheat\gui.h(12,14): error C7525: inline variables require at least '/std:c++17'
  (compiling source file 'cheat/main.cpp')
  
C:\Users\PC\Downloads\borderless-imgui-window-main\borderless-imgui-window-main\cheat\gui.h(15,14): error C7525: inline variables require at least '/std:c++17'
  (compiling source file 'cheat/main.cpp')
  
C:\Users\PC\Downloads\borderless-imgui-window-main\borderless-imgui-window-main\cheat\gui.h(16,20): error C7525: inline variables require at least '/std:c++17'
  (compiling source file 'cheat/main.cpp')
  
C:\Users\PC\Downloads\borderless-imgui-window-main\borderless-imgui-window-main\cheat\gui.h(19,16): error C7525: inline variables require at least '/std:c++17'
  (compiling source file 'cheat/main.cpp')
  
C:\Users\PC\Downloads\borderless-imgui-window-main\borderless-imgui-window-main\cheat\gui.h(22,20): error C7525: inline variables require at least '/std:c++17'
  (compiling source file 'cheat/main.cpp')
  
C:\Users\PC\Downloads\borderless-imgui-window-main\borderless-imgui-window-main\cheat\gui.h(23,27): error C7525: inline variables require at least '/std:c++17'
  (compiling source file 'cheat/main.cpp')
  
C:\Users\PC\Downloads\borderless-imgui-window-main\borderless-imgui-window-main\cheat\gui.h(24,31): error C7525: inline variables require at least '/std:c++17'
  (compiling source file 'cheat/main.cpp')
  
  imgui_widgets.cpp
  Generating Code...
